#
# A fatal error has been detected by the Java Runtime Environment:
#
#  EXCEPTION_ACCESS_VIOLATION (0xc0000005) at pc=0x000000006fbb8d85, pid=7292, tid=18904
#
# JRE version: Java(TM) SE Runtime Environment (8.0_74-b02) (build 1.8.0_74-b02)
# Java VM: Java HotSpot(TM) 64-Bit Server VM (25.74-b02 mixed mode windows-amd64 compressed oops)
# Problematic frame:
# V  [jvm.dll+0x128d85]
#
# Failed to write core dump. Minidumps are not enabled by default on client versions of Windows
#
# If you would like to submit a bug report, please visit:
#   http://bugreport.java.com/bugreport/crash.jsp
#

---------------  T H R E A D  ---------------

Current thread (0x000000001d2fc000):  JavaThread "JDWP Transport Listener: dt_socket" daemon [_thread_in_vm, id=18904, stack(0x000000001dcd0000,0x000000001ddd0000)]

siginfo: ExceptionCode=0xc0000005, reading address 0xffffffffffffffff

Registers:
RAX=0x000000001ddcf601, RBX=0x000000001d2fc000, RCX=0x800065bb30980654, RDX=0x0000000000000000
RSP=0x000000001ddcf640, RBP=0x800065bb30980654, RSI=0x000000001ddcf758, RDI=0x0000000002179100
R8 =0x000000001d2fc000, R9 =0x0000000000000000, R10=0x0000000000000000, R11=0x7065639cffff0000
R12=0x0000000000000000, R13=0x000000001d2fce18, R14=0x0000000000000000, R15=0x0000000000000000
RIP=0x000000006fbb8d85, EFLAGS=0x0000000000010282

Top of Stack: (sp=0x000000001ddcf640)
0x000000001ddcf640:   000000001d2fc000 000000001d2fc000
0x000000001ddcf650:   000000001ddcf708 000000006fdbe33b
0x000000001ddcf660:   000000001d2fc000 000000006fddab9d
0x000000001ddcf670:   0000000000000000 0000000073519155
0x000000001ddcf680:   000000001d3c74a0 000000007352291e
0x000000001ddcf690:   000000001d2fc000 0000000000000000
0x000000001ddcf6a0:   0000000000000000 0000000000000000
0x000000001ddcf6b0:   800065bb30980654 0000000073521a15
0x000000001ddcf6c0:   000000001ddcf758 000000001ddcf730
0x000000001ddcf6d0:   0000000000000001 000000001d3c74a0
0x000000001ddcf6e0:   800065bb30980654 00000000735053b3
0x000000001ddcf6f0:   000000001ddcf820 0000000000000001
0x000000001ddcf700:   0000000000000001 000000001d3c74a0
0x000000001ddcf710:   000000000000000a 0000000000000000
0x000000001ddcf720:   0000000000000000 0000000000000000
0x000000001ddcf730:   0000000000000001 0000000073505571 

Instructions: (pc=0x000000006fbb8d85)
0x000000006fbb8d65:   cc cc cc cc cc cc cc cc cc cc cc 48 83 ec 28 48
0x000000006fbb8d75:   85 c9 75 07 33 c0 48 83 c4 28 c3 48 89 5c 24 20
0x000000006fbb8d85:   48 8b 19 48 85 db 74 20 48 83 fb 37 74 1a 48 8b
0x000000006fbb8d95:   13 48 8b cb ff 52 10 84 c0 74 0d 48 8b c3 48 8b 


Register to memory mapping:

RAX=0x000000001ddcf601 is pointing into the stack for thread: 0x000000001d2fc000
RBX=0x000000001d2fc000 is a thread
RCX=0x800065bb30980654 is an unknown value
RDX=0x0000000000000000 is an unknown value
RSP=0x000000001ddcf640 is pointing into the stack for thread: 0x000000001d2fc000
RBP=0x800065bb30980654 is an unknown value
RSI=0x000000001ddcf758 is pointing into the stack for thread: 0x000000001d2fc000
RDI=0x0000000002179100 is an unknown value
R8 =0x000000001d2fc000 is a thread
R9 =0x0000000000000000 is an unknown value
R10=0x0000000000000000 is an unknown value
R11=0x7065639cffff0000 is an unknown value
R12=0x0000000000000000 is an unknown value
R13=0x000000001d2fce18 is an unknown value
R14=0x0000000000000000 is an unknown value
R15=0x0000000000000000 is an unknown value


Stack: [0x000000001dcd0000,0x000000001ddd0000],  sp=0x000000001ddcf640,  free space=1021k
Native frames: (J=compiled Java code, j=interpreted, Vv=VM code, C=native code)
V  [jvm.dll+0x128d85]
V  [jvm.dll+0x34ab9d]
C  [jdwp.dll+0x21a15]
C  [jdwp.dll+0x53b3]
C  [jdwp.dll+0x5571]
C  [jdwp.dll+0xf0a8]
C  [jdwp.dll+0x1f2d5]
C  [jdwp.dll+0x1f4aa]
V  [jvm.dll+0x1bba58]
V  [jvm.dll+0x243434]
V  [jvm.dll+0x29a27a]
C  [msvcr100.dll+0x21d9f]
C  [msvcr100.dll+0x21e3b]
C  [kernel32.dll+0x159ed]
C  [ntdll.dll+0x2b371]


---------------  P R O C E S S  ---------------

Java Threads: ( => current thread )
  0x000000001d38e800 JavaThread "Service Thread" daemon [_thread_blocked, id=10632, stack(0x000000001e280000,0x000000001e380000)]
  0x000000001d35c000 JavaThread "C1 CompilerThread2" daemon [_thread_blocked, id=11216, stack(0x000000001e160000,0x000000001e260000)]
  0x000000001d31a800 JavaThread "C2 CompilerThread1" daemon [_thread_blocked, id=12560, stack(0x000000001ddf0000,0x000000001def0000)]
  0x000000001d317800 JavaThread "C2 CompilerThread0" daemon [_thread_blocked, id=15684, stack(0x000000001d880000,0x000000001d980000)]
  0x000000001d2fd800 JavaThread "JDWP Command Reader" daemon [_thread_in_native, id=3308, stack(0x000000001df30000,0x000000001e030000)]
  0x000000001c00f000 JavaThread "JDWP Event Helper Thread" daemon [_thread_blocked, id=10644, stack(0x000000001cf20000,0x000000001d020000)]
=>0x000000001d2fc000 JavaThread "JDWP Transport Listener: dt_socket" daemon [_thread_in_vm, id=18904, stack(0x000000001dcd0000,0x000000001ddd0000)]
  0x000000001d2f4800 JavaThread "Attach Listener" daemon [_thread_blocked, id=20024, stack(0x000000001d980000,0x000000001da80000)]
  0x000000001c004800 JavaThread "Signal Dispatcher" daemon [_thread_blocked, id=12536, stack(0x000000001d770000,0x000000001d870000)]
  0x000000001bfeb000 JavaThread "Finalizer" daemon [_thread_blocked, id=18860, stack(0x000000001d1f0000,0x000000001d2f0000)]
  0x000000001bfa4000 JavaThread "Reference Handler" daemon [_thread_blocked, id=5548, stack(0x00000000021e0000,0x00000000022e0000)]
  0x0000000002088000 JavaThread "main" [_thread_blocked, id=3920, stack(0x0000000002380000,0x0000000002480000)]

Other Threads:
  0x000000001bf9c800 VMThread [stack: 0x000000001d030000,0x000000001d130000] [id=20740]
  0x000000001d31c000 WatcherThread [stack: 0x000000001e400000,0x000000001e500000] [id=11396]

VM state:not at safepoint (normal execution)

VM Mutex/Monitor currently owned by a thread: None

Heap:
 PSYoungGen      total 76288K, used 36743K [0x000000076b200000, 0x0000000770700000, 0x00000007c0000000)
  eden space 65536K, 56% used [0x000000076b200000,0x000000076d5e1ce8,0x000000076f200000)
  from space 10752K, 0% used [0x000000076fc80000,0x000000076fc80000,0x0000000770700000)
  to   space 10752K, 0% used [0x000000076f200000,0x000000076f200000,0x000000076fc80000)
 ParOldGen       total 175104K, used 0K [0x00000006c1600000, 0x00000006cc100000, 0x000000076b200000)
  object space 175104K, 0% used [0x00000006c1600000,0x00000006c1600000,0x00000006cc100000)
 Metaspace       used 6228K, capacity 6340K, committed 6528K, reserved 1056768K
  class space    used 744K, capacity 788K, committed 896K, reserved 1048576K

Card table byte_map: [0x0000000011b10000,0x0000000012310000] byte_map_base: 0x000000000e505000

Marking Bits: (ParMarkBitMap*) 0x00000000702a0600
 Begin Bits: [0x0000000012ec0000, 0x0000000016e68000)
 End Bits:   [0x0000000016e68000, 0x000000001ae10000)

Polling page: 0x0000000002150000

CodeCache: size=245760Kb used=2827Kb max_used=2865Kb free=242932Kb
 bounds [0x0000000002750000, 0x0000000002a30000, 0x0000000011750000]
 total_blobs=898 nmethods=639 adapters=180
 compilation: enabled

Compilation events (10 events):
Event: 1.383 Thread 0x000000001d31a800 nmethod 580 0x00000000029f5490 code [0x00000000029f5980, 0x00000000029fb200]
Event: 1.383 Thread 0x000000001d31a800  617       4       java.util.HashMap$HashIterator::<init> (79 bytes)
Event: 1.387 Thread 0x000000001d31a800 nmethod 617 0x00000000029f2050 code [0x00000000029f21a0, 0x00000000029f2458]
Event: 1.387 Thread 0x000000001d31a800  633       4       java.lang.Class::copyMethods (36 bytes)
Event: 1.402 Thread 0x000000001d31a800 nmethod 633 0x00000000029f3010 code [0x00000000029f31a0, 0x00000000029f3a98]
Event: 1.402 Thread 0x000000001d31a800  614       4       java.lang.Class::checkMemberAccess (49 bytes)
Event: 1.402 Thread 0x000000001d31a800 nmethod 614 0x00000000029c5650 code [0x00000000029c5780, 0x00000000029c5818]
Event: 1.402 Thread 0x000000001d31a800  609       4       com.sun.jersey.core.reflection.ReflectionHelper$9::run (5 bytes)
Event: 1.403 Thread 0x000000001d31a800 nmethod 609 0x00000000029f2d90 code [0x00000000029f2ee0, 0x00000000029f2f68]
Event: 1.657 Thread 0x000000001d317800 nmethod 607 0x0000000002a0c810 code [0x0000000002a0cfc0, 0x0000000002a16650]

GC Heap History (0 events):
No events

Deoptimization events (0 events):
No events

Internal exceptions (10 events):
Event: 1.082 Thread 0x0000000002088000 Exception <a 'java/lang/NoClassDefFoundError': com/sun/syndication/io/FeedException> (0x000000076cfbcc00) thrown at [C:\re\workspace\8-2-build-windows-amd64-cygwin\jdk8u74\6087\hotspot\src\share\vm\classfile\systemDictionary.cpp, line 199]
Event: 1.082 Thread 0x0000000002088000 Exception <a 'java/lang/NoClassDefFoundError': org/codehaus/jettison/json/JSONException> (0x000000076cfc1368) thrown at [C:\re\workspace\8-2-build-windows-amd64-cygwin\jdk8u74\6087\hotspot\src\share\vm\classfile\systemDictionary.cpp, line 199]
Event: 1.083 Thread 0x0000000002088000 Exception <a 'java/lang/NoClassDefFoundError': org/codehaus/jettison/json/JSONException> (0x000000076cfc58a0) thrown at [C:\re\workspace\8-2-build-windows-amd64-cygwin\jdk8u74\6087\hotspot\src\share\vm\classfile\systemDictionary.cpp, line 199]
Event: 1.083 Thread 0x0000000002088000 Exception <a 'java/lang/NoClassDefFoundError': org/codehaus/jettison/json/JSONException> (0x000000076cfc9df0) thrown at [C:\re\workspace\8-2-build-windows-amd64-cygwin\jdk8u74\6087\hotspot\src\share\vm\classfile\systemDictionary.cpp, line 199]
Event: 1.083 Thread 0x0000000002088000 Exception <a 'java/lang/NoClassDefFoundError': org/codehaus/jettison/json/JSONException> (0x000000076cfce338) thrown at [C:\re\workspace\8-2-build-windows-amd64-cygwin\jdk8u74\6087\hotspot\src\share\vm\classfile\systemDictionary.cpp, line 199]
Event: 1.084 Thread 0x0000000002088000 Exception <a 'java/lang/NoClassDefFoundError': org/codehaus/jackson/map/JsonSerializableWithType> (0x000000076cfd95e8) thrown at [C:\re\workspace\8-2-build-windows-amd64-cygwin\jdk8u74\6087\hotspot\src\share\vm\classfile\systemDictionary.cpp, line 199]
Event: 1.084 Thread 0x0000000002088000 Exception <a 'java/lang/NoClassDefFoundError'> (0x000000076cfd95e8) thrown at [C:\re\workspace\8-2-build-windows-amd64-cygwin\jdk8u74\6087\hotspot\src\share\vm\prims\jvm.cpp, line 1390]
Event: 1.086 Thread 0x0000000002088000 Exception <a 'java/lang/NoClassDefFoundError': org/codehaus/jackson/jaxrs/JacksonJsonProvider> (0x000000076cfe22b0) thrown at [C:\re\workspace\8-2-build-windows-amd64-cygwin\jdk8u74\6087\hotspot\src\share\vm\oops\constantPool.cpp, line 235]
Event: 1.086 Thread 0x0000000002088000 Exception <a 'java/lang/reflect/InvocationTargetException'> (0x000000076cfe24b8) thrown at [C:\re\workspace\8-2-build-windows-amd64-cygwin\jdk8u74\6087\hotspot\src\share\vm\runtime\reflection.cpp, line 1092]
Event: 1.086 Thread 0x0000000002088000 Exception <a 'java/lang/NoClassDefFoundError'> (0x000000076cfe22b0) thrown at [C:\re\workspace\8-2-build-windows-amd64-cygwin\jdk8u74\6087\hotspot\src\share\vm\prims\jni.cpp, line 709]

Events (10 events):
Event: 60515.813 Executing VM operation: RedefineClasses
Event: 60515.818 Executing VM operation: RedefineClasses done
Event: 60515.910 Executing VM operation: ChangeBreakpoints
Event: 60515.911 Executing VM operation: ChangeBreakpoints done
Event: 60701.615 Executing VM operation: ChangeBreakpoints
Event: 60701.616 Executing VM operation: ChangeBreakpoints done
Event: 60701.618 Executing VM operation: RedefineClasses
Event: 60701.622 Executing VM operation: RedefineClasses done
Event: 60783.866 Executing VM operation: RedefineClasses
Event: 60783.872 Executing VM operation: RedefineClasses done


Dynamic libraries:
0x000000013ffa0000 - 0x000000013ffd7000 	C:\Program Files\Java\jdk1.8.0_74\bin\java.exe
0x00000000778b0000 - 0x0000000077a5a000 	C:\Windows\SYSTEM32\ntdll.dll
0x0000000077690000 - 0x00000000777af000 	C:\Windows\system32\kernel32.dll
0x000007fefd650000 - 0x000007fefd6bb000 	C:\Windows\system32\KERNELBASE.dll
0x000007fefdb40000 - 0x000007fefdc1b000 	C:\Windows\system32\ADVAPI32.dll
0x000007feff050000 - 0x000007feff0ef000 	C:\Windows\system32\msvcrt.dll
0x000007feff7c0000 - 0x000007feff7df000 	C:\Windows\SYSTEM32\sechost.dll
0x000007fefda10000 - 0x000007fefdb3d000 	C:\Windows\system32\RPCRT4.dll
0x00000000777b0000 - 0x00000000778aa000 	C:\Windows\system32\USER32.dll
0x000007feff750000 - 0x000007feff7b7000 	C:\Windows\system32\GDI32.dll
0x000007fefe040000 - 0x000007fefe04e000 	C:\Windows\system32\LPK.dll
0x000007feff380000 - 0x000007feff44a000 	C:\Windows\system32\USP10.dll
0x000007fefbf50000 - 0x000007fefc144000 	C:\Windows\WinSxS\amd64_microsoft.windows.common-controls_6595b64144ccf1df_6.0.7601.18837_none_fa3b1e3d17594757\COMCTL32.dll
0x000007fefdeb0000 - 0x000007fefdf21000 	C:\Windows\system32\SHLWAPI.dll
0x000007feff720000 - 0x000007feff74e000 	C:\Windows\system32\IMM32.DLL
0x000007fefdf30000 - 0x000007fefe039000 	C:\Windows\system32\MSCTF.dll
0x0000000056fd0000 - 0x00000000570a2000 	C:\Program Files\Java\jdk1.8.0_74\jre\bin\msvcr100.dll
0x000000006fa90000 - 0x0000000070320000 	C:\Program Files\Java\jdk1.8.0_74\jre\bin\server\jvm.dll
0x000007fefa9e0000 - 0x000007fefa9e9000 	C:\Windows\system32\WSOCK32.dll
0x000007feffb60000 - 0x000007feffbad000 	C:\Windows\system32\WS2_32.dll
0x000007feffbb0000 - 0x000007feffbb8000 	C:\Windows\system32\NSI.dll
0x000007fefb180000 - 0x000007fefb1bb000 	C:\Windows\system32\WINMM.dll
0x000007fefc710000 - 0x000007fefc71c000 	C:\Windows\system32\VERSION.dll
0x0000000077a70000 - 0x0000000077a77000 	C:\Windows\system32\PSAPI.DLL
0x00000000632b0000 - 0x00000000632bf000 	C:\Program Files\Java\jdk1.8.0_74\jre\bin\verify.dll
0x000000005cdf0000 - 0x000000005ce19000 	C:\Program Files\Java\jdk1.8.0_74\jre\bin\java.dll
0x0000000073500000 - 0x0000000073535000 	C:\Program Files\Java\jdk1.8.0_74\jre\bin\jdwp.dll
0x0000000073690000 - 0x0000000073698000 	C:\Program Files\Java\jdk1.8.0_74\jre\bin\npt.dll
0x000000005f410000 - 0x000000005f426000 	C:\Program Files\Java\jdk1.8.0_74\jre\bin\zip.dll
0x000007fefe2c0000 - 0x000007feff049000 	C:\Windows\system32\SHELL32.dll
0x000007feff170000 - 0x000007feff373000 	C:\Windows\system32\ole32.dll
0x000007fefd630000 - 0x000007fefd63f000 	C:\Windows\system32\profapi.dll
0x00000000736a0000 - 0x00000000736a9000 	C:\Program Files\Java\jdk1.8.0_74\jre\bin\dt_socket.dll
0x000007fefcdd0000 - 0x000007fefce25000 	C:\Windows\system32\mswsock.dll
0x000007fefc7e0000 - 0x000007fefc7e7000 	C:\Windows\System32\wshtcpip.dll
0x000000005e950000 - 0x000000005e96a000 	C:\Program Files\Java\jdk1.8.0_74\jre\bin\net.dll
0x000007fefcdc0000 - 0x000007fefcdc7000 	C:\Windows\System32\wship6.dll
0x000007fefcc50000 - 0x000007fefccab000 	C:\Windows\system32\DNSAPI.dll
0x0000000071870000 - 0x00000000718a5000 	C:\Program Files\Bonjour\mdnsNSP.dll
0x000007fefa990000 - 0x000007fefa9b7000 	C:\Windows\system32\Iphlpapi.DLL
0x000007fefa980000 - 0x000007fefa98b000 	C:\Windows\system32\WINNSI.DLL
0x000007fef52f0000 - 0x000007fef52f8000 	C:\Windows\system32\rasadhlp.dll
0x000007fef8950000 - 0x000007fef89a3000 	C:\Windows\System32\fwpuclnt.dll
0x000007fefaa50000 - 0x000007fefab75000 	C:\Windows\system32\dbghelp.dll

VM Arguments:
jvm_args: -agentlib:jdwp=transport=dt_socket,address=127.0.0.1:59799,suspend=y,server=n -Dfile.encoding=UTF-8 
java_command: com.travelexperts.client.Tester
java_class_path (initial): C:\Program Files\Java\jdk1.8.0_74\jre\lib\charsets.jar;C:\Program Files\Java\jdk1.8.0_74\jre\lib\deploy.jar;C:\Program Files\Java\jdk1.8.0_74\jre\lib\ext\access-bridge-64.jar;C:\Program Files\Java\jdk1.8.0_74\jre\lib\ext\cldrdata.jar;C:\Program Files\Java\jdk1.8.0_74\jre\lib\ext\controlsfx-8.40.10.jar;C:\Program Files\Java\jdk1.8.0_74\jre\lib\ext\controlsfx-samples-8.40.10.jar;C:\Program Files\Java\jdk1.8.0_74\jre\lib\ext\dnsns.jar;C:\Program Files\Java\jdk1.8.0_74\jre\lib\ext\fxsampler-1.0.9.jar;C:\Program Files\Java\jdk1.8.0_74\jre\lib\ext\jaccess.jar;C:\Program Files\Java\jdk1.8.0_74\jre\lib\ext\jfxrt.jar;C:\Program Files\Java\jdk1.8.0_74\jre\lib\ext\localedata.jar;C:\Program Files\Java\jdk1.8.0_74\jre\lib\ext\mysql-connector-java-5.1.17-bin.jar;C:\Program Files\Java\jdk1.8.0_74\jre\lib\ext\nashorn.jar;C:\Program Files\Java\jdk1.8.0_74\jre\lib\ext\ojdbc6.jar;C:\Program Files\Java\jdk1.8.0_74\jre\lib\ext\sunec.jar;C:\Program Files\Java\jdk1.8.0_74\jre\lib\ext\sunjce_provider.jar;C:\Program Files\Java\jdk1.8.0_74\jre\lib\ext\sunmscapi.jar;C:\Program Files\Java\jdk1.8.0_74\jre\lib\ext\sunpkcs11.jar;C:\Program Files\Java\jdk1.8.0_74\jre\lib\ext\zipfs.jar;C:\Program Files\Java\jdk1.8.0_74\jre\lib\javaws.jar;C:\Program Files\Java\jdk1.8.0_74\jre\lib\jce.jar;C:\Program Files\Java\jdk1.8.0_74\jre\lib\jfr.jar;C:\Program Files\Java\jdk1.8.0_74\jre\lib\jfxswt.jar;C:\Program Files\Java\jdk1.8.0_74\jre\lib\jsse.jar;C:\Program Files\Java\jdk1.8.0_74\jre\lib\management-agent.jar;C:\Program Files\Java\jdk1.8.0_74\jre\lib\plugin.jar;C:\Program Files\Java\jdk1.8.0_74\jre\lib\resources.jar;C:\Program Files\Java\jdk1.8.0_74\jre\lib\rt.jar;C:\Program Files\Java\jdk1.8.0_74\jre\lib\ext\json-simple-1.1.1.jar;C:\Users\723403\IdeaProjects\RestAPI\target\classes;C:\Users\723403\.m2\repository\com\sun\jersey\jersey-bundle\1.19.1\jersey-bundle-1.19.1.jar;C:\Users\723403\.m2\repository\javax\ws\rs\jsr311-api\1.1.1\jsr311-api-1.1.1.jar;C:\Users\723403\.m2\reposito
Launcher Type: SUN_STANDARD

Environment Variables:
PATH=C:\ProgramData\Oracle\Java\javapath;C:\Program Files\Java\jdk1.8.0_11\bin;C:\Program Files (x86)\Intel\iCLS Client\;C:\Program Files\Intel\iCLS Client\;C:\Windows\system32;C:\Windows;C:\Windows\System32\Wbem;C:\Windows\System32\WindowsPowerShell\v1.0\;C:\Program Files\Intel\Intel(R) Management Engine Components\DAL;C:\Program Files\Intel\Intel(R) Management Engine Components\IPT;C:\Program Files (x86)\Intel\Intel(R) Management Engine Components\DAL;C:\Program Files (x86)\Intel\Intel(R) Management Engine Components\IPT;C:\Program Files (x86)\Intel\OpenCL SDK\3.0\bin\x86;C:\Program Files (x86)\Intel\OpenCL SDK\3.0\bin\x64;C:\Program Files\Microsoft SQL Server\110\Tools\Binn\;C:\Program Files (x86)\Toshiba\Bluetooth Toshiba Stack\sys\;C:\Program Files (x86)\Toshiba\Bluetooth Toshiba Stack\sys\x64\;c:\Program Files (x86)\Microsoft SQL Server\110\Tools\Binn\;c:\Program Files\Microsoft SQL Server\110\DTS\Binn\;c:\Program Files (x86)\Microsoft SQL Server\110\Tools\Binn\ManagementStudio\;c:\Program Files (x86)\Microsoft SQL Server\110\DTS\Binn\;C:\Program Files (x86)\Windows Kits\10\Windows Performance Toolkit\;C:\Program Files\Microsoft SQL Server\120\Tools\Binn\;C:\Program Files\Microsoft\Web Platform Installer\;C:\Program Files (x86)\Skype\Phone\;C:\Program Files (x86)\GtkSharp\2.12\bin;C:\Users\723403\AppData\Local\atom\bin;C:\Program Files (x86)\SSH Communications Security\SSH Secure Shell
USERNAME=723403
OS=Windows_NT
PROCESSOR_IDENTIFIER=Intel64 Family 6 Model 69 Stepping 1, GenuineIntel



---------------  S Y S T E M  ---------------

OS: Windows 7 , 64 bit Build 7601 (6.1.7601.19135)

CPU:total 4 (2 cores per cpu, 2 threads per core) family 6 model 69 stepping 1, cmov, cx8, fxsr, mmx, sse, sse2, sse3, ssse3, sse4.1, sse4.2, popcnt, avx, avx2, aes, clmul, erms, lzcnt, ht, tsc, tscinvbit, bmi1, bmi2

Memory: 4k page, physical 16684376k(3846544k free), swap 33366916k(14133820k free)

vm_info: Java HotSpot(TM) 64-Bit Server VM (25.74-b02) for windows-amd64 JRE (1.8.0_74-b02), built on Jan 29 2016 17:42:36 by "java_re" with MS VC++ 10.0 (VS2010)

time: Sun Apr 10 12:08:34 2016
elapsed time: 60784 seconds (0d 16h 53m 4s)

